Mono path[0] = '/content/drive/MyDrive/builds/b080m/build_Data/Managed'
Mono config path = '/content/drive/MyDrive/builds/b080m/build_Data/MonoBleedingEdge/etc'
Preloaded 'lib_burst_generated.so'
Preloaded 'libgrpc_csharp_ext.x64.so'
Found 1 interfaces on host : 0) 172.28.0.12
Player connection [139489851441024] Multi-casting "[IP] 172.28.0.12 [Port] 55000 [Flags] 2 [Guid] 3655702106 [EditorId] 4256664119 [Version] 1048832 [Id] LinuxServer(43,172.28.0.12) [Debug] 0 [PackageName] LinuxServer [ProjectName] DynamicTable" to [225.0.0.222:54997]...

[Physics::Module] Initialized MultithreadedJobDispatcher with 7 workers.
Unable to load player prefs
Initialize engine version: 2022.3.20f1 (61c2feb0970d)
[Subsystems] Discovering subsystems at path /content/drive/MyDrive/builds/b080m/build_Data/UnitySubsystems
Forcing GfxDevice: Null
GfxDevice: creating device client; threaded=0; jobified=0
NullGfxDevice:
    Version:  NULL 1.0 [1.0]
    Renderer: Null Device
    Vendor:   Unity Technologies
Begin MonoManager ReloadAssembly
- Loaded All Assemblies, in  2.649 seconds
- Finished resetting the current domain, in  0.003 seconds
ERROR: Shader Sprites/Default shader is not supported on this GPU (none of subshaders/fallbacks are suitable)
ERROR: Shader Sprites/Mask shader is not supported on this GPU (none of subshaders/fallbacks are suitable)
ERROR: Shader Legacy Shaders/VertexLit shader is not supported on this GPU (none of subshaders/fallbacks are suitable)
WARNING: Shader Unsupported: 'Standard' - All subshaders removed
WARNING: Shader Did you use #pragma only_renderers and omit this platform?
WARNING: Shader If subshaders removal was intentional, you may have forgotten turning Fallback off?
ERROR: Shader Standard shader is not supported on this GPU (none of subshaders/fallbacks are suitable)
WARNING: Shader Unsupported: 'Standard' - All subshaders removed
WARNING: Shader Did you use #pragma only_renderers and omit this platform?
WARNING: Shader If subshaders removal was intentional, you may have forgotten turning Fallback off?
WARNING: Shader Unsupported: 'Standard (Specular setup)' - All subshaders removed
WARNING: Shader Did you use #pragma only_renderers and omit this platform?
WARNING: Shader If subshaders removal was intentional, you may have forgotten turning Fallback off?
ERROR: Shader Standard (Specular setup) shader is not supported on this GPU (none of subshaders/fallbacks are suitable)
WARNING: Shader Unsupported: 'Standard (Specular setup)' - All subshaders removed
WARNING: Shader Did you use #pragma only_renderers and omit this platform?
WARNING: Shader If subshaders removal was intentional, you may have forgotten turning Fallback off?
There is no texture data available to upload.
UnloadTime: 1.124793 ms
No path found.
UnityEngine.StackTraceUtility:ExtractStackTrace () (at /home/bokken/build/output/unity/unity/Runtime/Export/Scripting/StackTrace.cs:37)
UnityEngine.DebugLogHandler:LogFormat (UnityEngine.LogType,UnityEngine.Object,string,object[])
UnityEngine.Logger:Log (UnityEngine.LogType,object)
UnityEngine.Debug:Log (object)
AStar:PathFinder (UnityEngine.Transform,UnityEngine.Transform) (at C:/Users/orhun/OneDrive/Belgeler/GitHub/Dynamic-Table/Assets/Scripts/v080/PathFinder.cs:57)
AStar:Update () (at C:/Users/orhun/OneDrive/Belgeler/GitHub/Dynamic-Table/Assets/Scripts/v080/PathFinder.cs:34)

No path found.
UnityEngine.StackTraceUtility:ExtractStackTrace () (at /home/bokken/build/output/unity/unity/Runtime/Export/Scripting/StackTrace.cs:37)
UnityEngine.DebugLogHandler:LogFormat (UnityEngine.LogType,UnityEngine.Object,string,object[])
UnityEngine.Logger:Log (UnityEngine.LogType,object)
UnityEngine.Debug:Log (object)
AStar:PathFinder (UnityEngine.Transform,UnityEngine.Transform) (at C:/Users/orhun/OneDrive/Belgeler/GitHub/Dynamic-Table/Assets/Scripts/v080/PathFinder.cs:57)
AStar:Update () (at C:/Users/orhun/OneDrive/Belgeler/GitHub/Dynamic-Table/Assets/Scripts/v080/PathFinder.cs:34)

No path found.
UnityEngine.StackTraceUtility:ExtractStackTrace () (at /home/bokken/build/output/unity/unity/Runtime/Export/Scripting/StackTrace.cs:37)
UnityEngine.DebugLogHandler:LogFormat (UnityEngine.LogType,UnityEngine.Object,string,object[])
UnityEngine.Logger:Log (UnityEngine.LogType,object)
UnityEngine.Debug:Log (object)
AStar:PathFinder (UnityEngine.Transform,UnityEngine.Transform) (at C:/Users/orhun/OneDrive/Belgeler/GitHub/Dynamic-Table/Assets/Scripts/v080/PathFinder.cs:57)
AStar:Update () (at C:/Users/orhun/OneDrive/Belgeler/GitHub/Dynamic-Table/Assets/Scripts/v080/PathFinder.cs:34)

No path found.
UnityEngine.StackTraceUtility:ExtractStackTrace () (at /home/bokken/build/output/unity/unity/Runtime/Export/Scripting/StackTrace.cs:37)
UnityEngine.DebugLogHandler:LogFormat (UnityEngine.LogType,UnityEngine.Object,string,object[])
UnityEngine.Logger:Log (UnityEngine.LogType,object)
UnityEngine.Debug:Log (object)
AStar:PathFinder (UnityEngine.Transform,UnityEngine.Transform) (at C:/Users/orhun/OneDrive/Belgeler/GitHub/Dynamic-Table/Assets/Scripts/v080/PathFinder.cs:57)
AStar:Update () (at C:/Users/orhun/OneDrive/Belgeler/GitHub/Dynamic-Table/Assets/Scripts/v080/PathFinder.cs:34)

No path found.
UnityEngine.StackTraceUtility:ExtractStackTrace () (at /home/bokken/build/output/unity/unity/Runtime/Export/Scripting/StackTrace.cs:37)
UnityEngine.DebugLogHandler:LogFormat (UnityEngine.LogType,UnityEngine.Object,string,object[])
UnityEngine.Logger:Log (UnityEngine.LogType,object)
UnityEngine.Debug:Log (object)
AStar:PathFinder (UnityEngine.Transform,UnityEngine.Transform) (at C:/Users/orhun/OneDrive/Belgeler/GitHub/Dynamic-Table/Assets/Scripts/v080/PathFinder.cs:57)
AStar:Update () (at C:/Users/orhun/OneDrive/Belgeler/GitHub/Dynamic-Table/Assets/Scripts/v080/PathFinder.cs:34)

No path found.
UnityEngine.StackTraceUtility:ExtractStackTrace () (at /home/bokken/build/output/unity/unity/Runtime/Export/Scripting/StackTrace.cs:37)
UnityEngine.DebugLogHandler:LogFormat (UnityEngine.LogType,UnityEngine.Object,string,object[])
UnityEngine.Logger:Log (UnityEngine.LogType,object)
UnityEngine.Debug:Log (object)
AStar:PathFinder (UnityEngine.Transform,UnityEngine.Transform) (at C:/Users/orhun/OneDrive/Belgeler/GitHub/Dynamic-Table/Assets/Scripts/v080/PathFinder.cs:57)
AStar:Update () (at C:/Users/orhun/OneDrive/Belgeler/GitHub/Dynamic-Table/Assets/Scripts/v080/PathFinder.cs:34)

No path found.
UnityEngine.StackTraceUtility:ExtractStackTrace () (at /home/bokken/build/output/unity/unity/Runtime/Export/Scripting/StackTrace.cs:37)
UnityEngine.DebugLogHandler:LogFormat (UnityEngine.LogType,UnityEngine.Object,string,object[])
UnityEngine.Logger:Log (UnityEngine.LogType,object)
UnityEngine.Debug:Log (object)
AStar:PathFinder (UnityEngine.Transform,UnityEngine.Transform) (at C:/Users/orhun/OneDrive/Belgeler/GitHub/Dynamic-Table/Assets/Scripts/v080/PathFinder.cs:57)
AStar:Update () (at C:/Users/orhun/OneDrive/Belgeler/GitHub/Dynamic-Table/Assets/Scripts/v080/PathFinder.cs:34)

No path found.
UnityEngine.StackTraceUtility:ExtractStackTrace () (at /home/bokken/build/output/unity/unity/Runtime/Export/Scripting/StackTrace.cs:37)
UnityEngine.DebugLogHandler:LogFormat (UnityEngine.LogType,UnityEngine.Object,string,object[])
UnityEngine.Logger:Log (UnityEngine.LogType,object)
UnityEngine.Debug:Log (object)
AStar:PathFinder (UnityEngine.Transform,UnityEngine.Transform) (at C:/Users/orhun/OneDrive/Belgeler/GitHub/Dynamic-Table/Assets/Scripts/v080/PathFinder.cs:57)
AStar:Update () (at C:/Users/orhun/OneDrive/Belgeler/GitHub/Dynamic-Table/Assets/Scripts/v080/PathFinder.cs:34)

No path found.
UnityEngine.StackTraceUtility:ExtractStackTrace () (at /home/bokken/build/output/unity/unity/Runtime/Export/Scripting/StackTrace.cs:37)
UnityEngine.DebugLogHandler:LogFormat (UnityEngine.LogType,UnityEngine.Object,string,object[])
UnityEngine.Logger:Log (UnityEngine.LogType,object)
UnityEngine.Debug:Log (object)
AStar:PathFinder (UnityEngine.Transform,UnityEngine.Transform) (at C:/Users/orhun/OneDrive/Belgeler/GitHub/Dynamic-Table/Assets/Scripts/v080/PathFinder.cs:57)
AStar:Update () (at C:/Users/orhun/OneDrive/Belgeler/GitHub/Dynamic-Table/Assets/Scripts/v080/PathFinder.cs:34)

No path found.
UnityEngine.StackTraceUtility:ExtractStackTrace () (at /home/bokken/build/output/unity/unity/Runtime/Export/Scripting/StackTrace.cs:37)
UnityEngine.DebugLogHandler:LogFormat (UnityEngine.LogType,UnityEngine.Object,string,object[])
UnityEngine.Logger:Log (UnityEngine.LogType,object)
UnityEngine.Debug:Log (object)
AStar:PathFinder (UnityEngine.Transform,UnityEngine.Transform) (at C:/Users/orhun/OneDrive/Belgeler/GitHub/Dynamic-Table/Assets/Scripts/v080/PathFinder.cs:57)
AStar:Update () (at C:/Users/orhun/OneDrive/Belgeler/GitHub/Dynamic-Table/Assets/Scripts/v080/PathFinder.cs:34)

No path found.
UnityEngine.StackTraceUtility:ExtractStackTrace () (at /home/bokken/build/output/unity/unity/Runtime/Export/Scripting/StackTrace.cs:37)
UnityEngine.DebugLogHandler:LogFormat (UnityEngine.LogType,UnityEngine.Object,string,object[])
UnityEngine.Logger:Log (UnityEngine.LogType,object)
UnityEngine.Debug:Log (object)
AStar:PathFinder (UnityEngine.Transform,UnityEngine.Transform) (at C:/Users/orhun/OneDrive/Belgeler/GitHub/Dynamic-Table/Assets/Scripts/v080/PathFinder.cs:57)
AStar:Update () (at C:/Users/orhun/OneDrive/Belgeler/GitHub/Dynamic-Table/Assets/Scripts/v080/PathFinder.cs:34)

No path found.
UnityEngine.StackTraceUtility:ExtractStackTrace () (at /home/bokken/build/output/unity/unity/Runtime/Export/Scripting/StackTrace.cs:37)
UnityEngine.DebugLogHandler:LogFormat (UnityEngine.LogType,UnityEngine.Object,string,object[])
UnityEngine.Logger:Log (UnityEngine.LogType,object)
UnityEngine.Debug:Log (object)
AStar:PathFinder (UnityEngine.Transform,UnityEngine.Transform) (at C:/Users/orhun/OneDrive/Belgeler/GitHub/Dynamic-Table/Assets/Scripts/v080/PathFinder.cs:57)
AStar:Update () (at C:/Users/orhun/OneDrive/Belgeler/GitHub/Dynamic-Table/Assets/Scripts/v080/PathFinder.cs:34)

No path found.
UnityEngine.StackTraceUtility:ExtractStackTrace () (at /home/bokken/build/output/unity/unity/Runtime/Export/Scripting/StackTrace.cs:37)
UnityEngine.DebugLogHandler:LogFormat (UnityEngine.LogType,UnityEngine.Object,string,object[])
UnityEngine.Logger:Log (UnityEngine.LogType,object)
UnityEngine.Debug:Log (object)
AStar:PathFinder (UnityEngine.Transform,UnityEngine.Transform) (at C:/Users/orhun/OneDrive/Belgeler/GitHub/Dynamic-Table/Assets/Scripts/v080/PathFinder.cs:57)
AStar:Update () (at C:/Users/orhun/OneDrive/Belgeler/GitHub/Dynamic-Table/Assets/Scripts/v080/PathFinder.cs:34)

No path found.
UnityEngine.StackTraceUtility:ExtractStackTrace () (at /home/bokken/build/output/unity/unity/Runtime/Export/Scripting/StackTrace.cs:37)
UnityEngine.DebugLogHandler:LogFormat (UnityEngine.LogType,UnityEngine.Object,string,object[])
UnityEngine.Logger:Log (UnityEngine.LogType,object)
UnityEngine.Debug:Log (object)
AStar:PathFinder (UnityEngine.Transform,UnityEngine.Transform) (at C:/Users/orhun/OneDrive/Belgeler/GitHub/Dynamic-Table/Assets/Scripts/v080/PathFinder.cs:57)
AStar:Update () (at C:/Users/orhun/OneDrive/Belgeler/GitHub/Dynamic-Table/Assets/Scripts/v080/PathFinder.cs:34)

No path found.
UnityEngine.StackTraceUtility:ExtractStackTrace () (at /home/bokken/build/output/unity/unity/Runtime/Export/Scripting/StackTrace.cs:37)
UnityEngine.DebugLogHandler:LogFormat (UnityEngine.LogType,UnityEngine.Object,string,object[])
UnityEngine.Logger:Log (UnityEngine.LogType,object)
UnityEngine.Debug:Log (object)
AStar:PathFinder (UnityEngine.Transform,UnityEngine.Transform) (at C:/Users/orhun/OneDrive/Belgeler/GitHub/Dynamic-Table/Assets/Scripts/v080/PathFinder.cs:57)
AStar:Update () (at C:/Users/orhun/OneDrive/Belgeler/GitHub/Dynamic-Table/Assets/Scripts/v080/PathFinder.cs:34)

No path found.
UnityEngine.StackTraceUtility:ExtractStackTrace () (at /home/bokken/build/output/unity/unity/Runtime/Export/Scripting/StackTrace.cs:37)
UnityEngine.DebugLogHandler:LogFormat (UnityEngine.LogType,UnityEngine.Object,string,object[])
UnityEngine.Logger:Log (UnityEngine.LogType,object)
UnityEngine.Debug:Log (object)
AStar:PathFinder (UnityEngine.Transform,UnityEngine.Transform) (at C:/Users/orhun/OneDrive/Belgeler/GitHub/Dynamic-Table/Assets/Scripts/v080/PathFinder.cs:57)
AStar:Update () (at C:/Users/orhun/OneDrive/Belgeler/GitHub/Dynamic-Table/Assets/Scripts/v080/PathFinder.cs:34)

No path found.
UnityEngine.StackTraceUtility:ExtractStackTrace () (at /home/bokken/build/output/unity/unity/Runtime/Export/Scripting/StackTrace.cs:37)
UnityEngine.DebugLogHandler:LogFormat (UnityEngine.LogType,UnityEngine.Object,string,object[])
UnityEngine.Logger:Log (UnityEngine.LogType,object)
UnityEngine.Debug:Log (object)
AStar:PathFinder (UnityEngine.Transform,UnityEngine.Transform) (at C:/Users/orhun/OneDrive/Belgeler/GitHub/Dynamic-Table/Assets/Scripts/v080/PathFinder.cs:57)
AStar:Update () (at C:/Users/orhun/OneDrive/Belgeler/GitHub/Dynamic-Table/Assets/Scripts/v080/PathFinder.cs:34)

No path found.
UnityEngine.StackTraceUtility:ExtractStackTrace () (at /home/bokken/build/output/unity/unity/Runtime/Export/Scripting/StackTrace.cs:37)
UnityEngine.DebugLogHandler:LogFormat (UnityEngine.LogType,UnityEngine.Object,string,object[])
UnityEngine.Logger:Log (UnityEngine.LogType,object)
UnityEngine.Debug:Log (object)
AStar:PathFinder (UnityEngine.Transform,UnityEngine.Transform) (at C:/Users/orhun/OneDrive/Belgeler/GitHub/Dynamic-Table/Assets/Scripts/v080/PathFinder.cs:57)
AStar:Update () (at C:/Users/orhun/OneDrive/Belgeler/GitHub/Dynamic-Table/Assets/Scripts/v080/PathFinder.cs:34)

No path found.
UnityEngine.StackTraceUtility:ExtractStackTrace () (at /home/bokken/build/output/unity/unity/Runtime/Export/Scripting/StackTrace.cs:37)
UnityEngine.DebugLogHandler:LogFormat (UnityEngine.LogType,UnityEngine.Object,string,object[])
UnityEngine.Logger:Log (UnityEngine.LogType,object)
UnityEngine.Debug:Log (object)
AStar:PathFinder (UnityEngine.Transform,UnityEngine.Transform) (at C:/Users/orhun/OneDrive/Belgeler/GitHub/Dynamic-Table/Assets/Scripts/v080/PathFinder.cs:57)
AStar:Update () (at C:/Users/orhun/OneDrive/Belgeler/GitHub/Dynamic-Table/Assets/Scripts/v080/PathFinder.cs:34)

No path found.
UnityEngine.StackTraceUtility:ExtractStackTrace () (at /home/bokken/build/output/unity/unity/Runtime/Export/Scripting/StackTrace.cs:37)
UnityEngine.DebugLogHandler:LogFormat (UnityEngine.LogType,UnityEngine.Object,string,object[])
UnityEngine.Logger:Log (UnityEngine.LogType,object)
UnityEngine.Debug:Log (object)
AStar:PathFinder (UnityEngine.Transform,UnityEngine.Transform) (at C:/Users/orhun/OneDrive/Belgeler/GitHub/Dynamic-Table/Assets/Scripts/v080/PathFinder.cs:57)
AStar:Update () (at C:/Users/orhun/OneDrive/Belgeler/GitHub/Dynamic-Table/Assets/Scripts/v080/PathFinder.cs:34)

No path found.
UnityEngine.StackTraceUtility:ExtractStackTrace () (at /home/bokken/build/output/unity/unity/Runtime/Export/Scripting/StackTrace.cs:37)
UnityEngine.DebugLogHandler:LogFormat (UnityEngine.LogType,UnityEngine.Object,string,object[])
UnityEngine.Logger:Log (UnityEngine.LogType,object)
UnityEngine.Debug:Log (object)
AStar:PathFinder (UnityEngine.Transform,UnityEngine.Transform) (at C:/Users/orhun/OneDrive/Belgeler/GitHub/Dynamic-Table/Assets/Scripts/v080/PathFinder.cs:57)
AStar:Update () (at C:/Users/orhun/OneDrive/Belgeler/GitHub/Dynamic-Table/Assets/Scripts/v080/PathFinder.cs:34)

No path found.
UnityEngine.StackTraceUtility:ExtractStackTrace () (at /home/bokken/build/output/unity/unity/Runtime/Export/Scripting/StackTrace.cs:37)
UnityEngine.DebugLogHandler:LogFormat (UnityEngine.LogType,UnityEngine.Object,string,object[])
UnityEngine.Logger:Log (UnityEngine.LogType,object)
UnityEngine.Debug:Log (object)
AStar:PathFinder (UnityEngine.Transform,UnityEngine.Transform) (at C:/Users/orhun/OneDrive/Belgeler/GitHub/Dynamic-Table/Assets/Scripts/v080/PathFinder.cs:57)
AStar:Update () (at C:/Users/orhun/OneDrive/Belgeler/GitHub/Dynamic-Table/Assets/Scripts/v080/PathFinder.cs:34)

No path found.
UnityEngine.StackTraceUtility:ExtractStackTrace () (at /home/bokken/build/output/unity/unity/Runtime/Export/Scripting/StackTrace.cs:37)
UnityEngine.DebugLogHandler:LogFormat (UnityEngine.LogType,UnityEngine.Object,string,object[])
UnityEngine.Logger:Log (UnityEngine.LogType,object)
UnityEngine.Debug:Log (object)
AStar:PathFinder (UnityEngine.Transform,UnityEngine.Transform) (at C:/Users/orhun/OneDrive/Belgeler/GitHub/Dynamic-Table/Assets/Scripts/v080/PathFinder.cs:57)
AStar:Update () (at C:/Users/orhun/OneDrive/Belgeler/GitHub/Dynamic-Table/Assets/Scripts/v080/PathFinder.cs:34)

No path found.
UnityEngine.StackTraceUtility:ExtractStackTrace () (at /home/bokken/build/output/unity/unity/Runtime/Export/Scripting/StackTrace.cs:37)
UnityEngine.DebugLogHandler:LogFormat (UnityEngine.LogType,UnityEngine.Object,string,object[])
UnityEngine.Logger:Log (UnityEngine.LogType,object)
UnityEngine.Debug:Log (object)
AStar:PathFinder (UnityEngine.Transform,UnityEngine.Transform) (at C:/Users/orhun/OneDrive/Belgeler/GitHub/Dynamic-Table/Assets/Scripts/v080/PathFinder.cs:57)
AStar:Update () (at C:/Users/orhun/OneDrive/Belgeler/GitHub/Dynamic-Table/Assets/Scripts/v080/PathFinder.cs:34)

No path found.
UnityEngine.StackTraceUtility:ExtractStackTrace () (at /home/bokken/build/output/unity/unity/Runtime/Export/Scripting/StackTrace.cs:37)
UnityEngine.DebugLogHandler:LogFormat (UnityEngine.LogType,UnityEngine.Object,string,object[])
UnityEngine.Logger:Log (UnityEngine.LogType,object)
UnityEngine.Debug:Log (object)
AStar:PathFinder (UnityEngine.Transform,UnityEngine.Transform) (at C:/Users/orhun/OneDrive/Belgeler/GitHub/Dynamic-Table/Assets/Scripts/v080/PathFinder.cs:57)
AStar:Update () (at C:/Users/orhun/OneDrive/Belgeler/GitHub/Dynamic-Table/Assets/Scripts/v080/PathFinder.cs:34)

No path found.
UnityEngine.StackTraceUtility:ExtractStackTrace () (at /home/bokken/build/output/unity/unity/Runtime/Export/Scripting/StackTrace.cs:37)
UnityEngine.DebugLogHandler:LogFormat (UnityEngine.LogType,UnityEngine.Object,string,object[])
UnityEngine.Logger:Log (UnityEngine.LogType,object)
UnityEngine.Debug:Log (object)
AStar:PathFinder (UnityEngine.Transform,UnityEngine.Transform) (at C:/Users/orhun/OneDrive/Belgeler/GitHub/Dynamic-Table/Assets/Scripts/v080/PathFinder.cs:57)
AStar:Update () (at C:/Users/orhun/OneDrive/Belgeler/GitHub/Dynamic-Table/Assets/Scripts/v080/PathFinder.cs:34)

No path found.
UnityEngine.StackTraceUtility:ExtractStackTrace () (at /home/bokken/build/output/unity/unity/Runtime/Export/Scripting/StackTrace.cs:37)
UnityEngine.DebugLogHandler:LogFormat (UnityEngine.LogType,UnityEngine.Object,string,object[])
UnityEngine.Logger:Log (UnityEngine.LogType,object)
UnityEngine.Debug:Log (object)
AStar:PathFinder (UnityEngine.Transform,UnityEngine.Transform) (at C:/Users/orhun/OneDrive/Belgeler/GitHub/Dynamic-Table/Assets/Scripts/v080/PathFinder.cs:57)
AStar:Update () (at C:/Users/orhun/OneDrive/Belgeler/GitHub/Dynamic-Table/Assets/Scripts/v080/PathFinder.cs:34)

No path found.
UnityEngine.StackTraceUtility:ExtractStackTrace () (at /home/bokken/build/output/unity/unity/Runtime/Export/Scripting/StackTrace.cs:37)
UnityEngine.DebugLogHandler:LogFormat (UnityEngine.LogType,UnityEngine.Object,string,object[])
UnityEngine.Logger:Log (UnityEngine.LogType,object)
UnityEngine.Debug:Log (object)
AStar:PathFinder (UnityEngine.Transform,UnityEngine.Transform) (at C:/Users/orhun/OneDrive/Belgeler/GitHub/Dynamic-Table/Assets/Scripts/v080/PathFinder.cs:57)
AStar:Update () (at C:/Users/orhun/OneDrive/Belgeler/GitHub/Dynamic-Table/Assets/Scripts/v080/PathFinder.cs:34)

No path found.
UnityEngine.StackTraceUtility:ExtractStackTrace () (at /home/bokken/build/output/unity/unity/Runtime/Export/Scripting/StackTrace.cs:37)
UnityEngine.DebugLogHandler:LogFormat (UnityEngine.LogType,UnityEngine.Object,string,object[])
UnityEngine.Logger:Log (UnityEngine.LogType,object)
UnityEngine.Debug:Log (object)
AStar:PathFinder (UnityEngine.Transform,UnityEngine.Transform) (at C:/Users/orhun/OneDrive/Belgeler/GitHub/Dynamic-Table/Assets/Scripts/v080/PathFinder.cs:57)
AStar:Update () (at C:/Users/orhun/OneDrive/Belgeler/GitHub/Dynamic-Table/Assets/Scripts/v080/PathFinder.cs:34)

No path found.
UnityEngine.StackTraceUtility:ExtractStackTrace () (at /home/bokken/build/output/unity/unity/Runtime/Export/Scripting/StackTrace.cs:37)
UnityEngine.DebugLogHandler:LogFormat (UnityEngine.LogType,UnityEngine.Object,string,object[])
UnityEngine.Logger:Log (UnityEngine.LogType,object)
UnityEngine.Debug:Log (object)
AStar:PathFinder (UnityEngine.Transform,UnityEngine.Transform) (at C:/Users/orhun/OneDrive/Belgeler/GitHub/Dynamic-Table/Assets/Scripts/v080/PathFinder.cs:57)
AStar:Update () (at C:/Users/orhun/OneDrive/Belgeler/GitHub/Dynamic-Table/Assets/Scripts/v080/PathFinder.cs:34)

No path found.
UnityEngine.StackTraceUtility:ExtractStackTrace () (at /home/bokken/build/output/unity/unity/Runtime/Export/Scripting/StackTrace.cs:37)
UnityEngine.DebugLogHandler:LogFormat (UnityEngine.LogType,UnityEngine.Object,string,object[])
UnityEngine.Logger:Log (UnityEngine.LogType,object)
UnityEngine.Debug:Log (object)
AStar:PathFinder (UnityEngine.Transform,UnityEngine.Transform) (at C:/Users/orhun/OneDrive/Belgeler/GitHub/Dynamic-Table/Assets/Scripts/v080/PathFinder.cs:57)
AStar:Update () (at C:/Users/orhun/OneDrive/Belgeler/GitHub/Dynamic-Table/Assets/Scripts/v080/PathFinder.cs:34)

No path found.
UnityEngine.StackTraceUtility:ExtractStackTrace () (at /home/bokken/build/output/unity/unity/Runtime/Export/Scripting/StackTrace.cs:37)
UnityEngine.DebugLogHandler:LogFormat (UnityEngine.LogType,UnityEngine.Object,string,object[])
UnityEngine.Logger:Log (UnityEngine.LogType,object)
UnityEngine.Debug:Log (object)
AStar:PathFinder (UnityEngine.Transform,UnityEngine.Transform) (at C:/Users/orhun/OneDrive/Belgeler/GitHub/Dynamic-Table/Assets/Scripts/v080/PathFinder.cs:57)
AStar:Update () (at C:/Users/orhun/OneDrive/Belgeler/GitHub/Dynamic-Table/Assets/Scripts/v080/PathFinder.cs:34)

No path found.
UnityEngine.StackTraceUtility:ExtractStackTrace () (at /home/bokken/build/output/unity/unity/Runtime/Export/Scripting/StackTrace.cs:37)
UnityEngine.DebugLogHandler:LogFormat (UnityEngine.LogType,UnityEngine.Object,string,object[])
UnityEngine.Logger:Log (UnityEngine.LogType,object)
UnityEngine.Debug:Log (object)
AStar:PathFinder (UnityEngine.Transform,UnityEngine.Transform) (at C:/Users/orhun/OneDrive/Belgeler/GitHub/Dynamic-Table/Assets/Scripts/v080/PathFinder.cs:57)
AStar:Update () (at C:/Users/orhun/OneDrive/Belgeler/GitHub/Dynamic-Table/Assets/Scripts/v080/PathFinder.cs:34)

No path found.
UnityEngine.StackTraceUtility:ExtractStackTrace () (at /home/bokken/build/output/unity/unity/Runtime/Export/Scripting/StackTrace.cs:37)
UnityEngine.DebugLogHandler:LogFormat (UnityEngine.LogType,UnityEngine.Object,string,object[])
UnityEngine.Logger:Log (UnityEngine.LogType,object)
UnityEngine.Debug:Log (object)
AStar:PathFinder (UnityEngine.Transform,UnityEngine.Transform) (at C:/Users/orhun/OneDrive/Belgeler/GitHub/Dynamic-Table/Assets/Scripts/v080/PathFinder.cs:57)
AStar:Update () (at C:/Users/orhun/OneDrive/Belgeler/GitHub/Dynamic-Table/Assets/Scripts/v080/PathFinder.cs:34)

No path found.
UnityEngine.StackTraceUtility:ExtractStackTrace () (at /home/bokken/build/output/unity/unity/Runtime/Export/Scripting/StackTrace.cs:37)
UnityEngine.DebugLogHandler:LogFormat (UnityEngine.LogType,UnityEngine.Object,string,object[])
UnityEngine.Logger:Log (UnityEngine.LogType,object)
UnityEngine.Debug:Log (object)
AStar:PathFinder (UnityEngine.Transform,UnityEngine.Transform) (at C:/Users/orhun/OneDrive/Belgeler/GitHub/Dynamic-Table/Assets/Scripts/v080/PathFinder.cs:57)
AStar:Update () (at C:/Users/orhun/OneDrive/Belgeler/GitHub/Dynamic-Table/Assets/Scripts/v080/PathFinder.cs:34)

No path found.
UnityEngine.StackTraceUtility:ExtractStackTrace () (at /home/bokken/build/output/unity/unity/Runtime/Export/Scripting/StackTrace.cs:37)
UnityEngine.DebugLogHandler:LogFormat (UnityEngine.LogType,UnityEngine.Object,string,object[])
UnityEngine.Logger:Log (UnityEngine.LogType,object)
UnityEngine.Debug:Log (object)
AStar:PathFinder (UnityEngine.Transform,UnityEngine.Transform) (at C:/Users/orhun/OneDrive/Belgeler/GitHub/Dynamic-Table/Assets/Scripts/v080/PathFinder.cs:57)
AStar:Update () (at C:/Users/orhun/OneDrive/Belgeler/GitHub/Dynamic-Table/Assets/Scripts/v080/PathFinder.cs:34)

No path found.
UnityEngine.StackTraceUtility:ExtractStackTrace () (at /home/bokken/build/output/unity/unity/Runtime/Export/Scripting/StackTrace.cs:37)
UnityEngine.DebugLogHandler:LogFormat (UnityEngine.LogType,UnityEngine.Object,string,object[])
UnityEngine.Logger:Log (UnityEngine.LogType,object)
UnityEngine.Debug:Log (object)
AStar:PathFinder (UnityEngine.Transform,UnityEngine.Transform) (at C:/Users/orhun/OneDrive/Belgeler/GitHub/Dynamic-Table/Assets/Scripts/v080/PathFinder.cs:57)
AStar:Update () (at C:/Users/orhun/OneDrive/Belgeler/GitHub/Dynamic-Table/Assets/Scripts/v080/PathFinder.cs:34)

No path found.
UnityEngine.StackTraceUtility:ExtractStackTrace () (at /home/bokken/build/output/unity/unity/Runtime/Export/Scripting/StackTrace.cs:37)
UnityEngine.DebugLogHandler:LogFormat (UnityEngine.LogType,UnityEngine.Object,string,object[])
UnityEngine.Logger:Log (UnityEngine.LogType,object)
UnityEngine.Debug:Log (object)
AStar:PathFinder (UnityEngine.Transform,UnityEngine.Transform) (at C:/Users/orhun/OneDrive/Belgeler/GitHub/Dynamic-Table/Assets/Scripts/v080/PathFinder.cs:57)
AStar:Update () (at C:/Users/orhun/OneDrive/Belgeler/GitHub/Dynamic-Table/Assets/Scripts/v080/PathFinder.cs:34)

No path found.
UnityEngine.StackTraceUtility:ExtractStackTrace () (at /home/bokken/build/output/unity/unity/Runtime/Export/Scripting/StackTrace.cs:37)
UnityEngine.DebugLogHandler:LogFormat (UnityEngine.LogType,UnityEngine.Object,string,object[])
UnityEngine.Logger:Log (UnityEngine.LogType,object)
UnityEngine.Debug:Log (object)
AStar:PathFinder (UnityEngine.Transform,UnityEngine.Transform) (at C:/Users/orhun/OneDrive/Belgeler/GitHub/Dynamic-Table/Assets/Scripts/v080/PathFinder.cs:57)
AStar:Update () (at C:/Users/orhun/OneDrive/Belgeler/GitHub/Dynamic-Table/Assets/Scripts/v080/PathFinder.cs:34)

No path found.
UnityEngine.StackTraceUtility:ExtractStackTrace () (at /home/bokken/build/output/unity/unity/Runtime/Export/Scripting/StackTrace.cs:37)
UnityEngine.DebugLogHandler:LogFormat (UnityEngine.LogType,UnityEngine.Object,string,object[])
UnityEngine.Logger:Log (UnityEngine.LogType,object)
UnityEngine.Debug:Log (object)
AStar:PathFinder (UnityEngine.Transform,UnityEngine.Transform) (at C:/Users/orhun/OneDrive/Belgeler/GitHub/Dynamic-Table/Assets/Scripts/v080/PathFinder.cs:57)
AStar:Update () (at C:/Users/orhun/OneDrive/Belgeler/GitHub/Dynamic-Table/Assets/Scripts/v080/PathFinder.cs:34)

No path found.
UnityEngine.StackTraceUtility:ExtractStackTrace () (at /home/bokken/build/output/unity/unity/Runtime/Export/Scripting/StackTrace.cs:37)
UnityEngine.DebugLogHandler:LogFormat (UnityEngine.LogType,UnityEngine.Object,string,object[])
UnityEngine.Logger:Log (UnityEngine.LogType,object)
UnityEngine.Debug:Log (object)
AStar:PathFinder (UnityEngine.Transform,UnityEngine.Transform) (at C:/Users/orhun/OneDrive/Belgeler/GitHub/Dynamic-Table/Assets/Scripts/v080/PathFinder.cs:57)
AStar:Update () (at C:/Users/orhun/OneDrive/Belgeler/GitHub/Dynamic-Table/Assets/Scripts/v080/PathFinder.cs:34)

No path found.
UnityEngine.StackTraceUtility:ExtractStackTrace () (at /home/bokken/build/output/unity/unity/Runtime/Export/Scripting/StackTrace.cs:37)
UnityEngine.DebugLogHandler:LogFormat (UnityEngine.LogType,UnityEngine.Object,string,object[])
UnityEngine.Logger:Log (UnityEngine.LogType,object)
UnityEngine.Debug:Log (object)
AStar:PathFinder (UnityEngine.Transform,UnityEngine.Transform) (at C:/Users/orhun/OneDrive/Belgeler/GitHub/Dynamic-Table/Assets/Scripts/v080/PathFinder.cs:57)
AStar:Update () (at C:/Users/orhun/OneDrive/Belgeler/GitHub/Dynamic-Table/Assets/Scripts/v080/PathFinder.cs:34)

No path found.
UnityEngine.StackTraceUtility:ExtractStackTrace () (at /home/bokken/build/output/unity/unity/Runtime/Export/Scripting/StackTrace.cs:37)
UnityEngine.DebugLogHandler:LogFormat (UnityEngine.LogType,UnityEngine.Object,string,object[])
UnityEngine.Logger:Log (UnityEngine.LogType,object)
UnityEngine.Debug:Log (object)
AStar:PathFinder (UnityEngine.Transform,UnityEngine.Transform) (at C:/Users/orhun/OneDrive/Belgeler/GitHub/Dynamic-Table/Assets/Scripts/v080/PathFinder.cs:57)
AStar:Update () (at C:/Users/orhun/OneDrive/Belgeler/GitHub/Dynamic-Table/Assets/Scripts/v080/PathFinder.cs:34)

No path found.
UnityEngine.StackTraceUtility:ExtractStackTrace () (at /home/bokken/build/output/unity/unity/Runtime/Export/Scripting/StackTrace.cs:37)
UnityEngine.DebugLogHandler:LogFormat (UnityEngine.LogType,UnityEngine.Object,string,object[])
UnityEngine.Logger:Log (UnityEngine.LogType,object)
UnityEngine.Debug:Log (object)
AStar:PathFinder (UnityEngine.Transform,UnityEngine.Transform) (at C:/Users/orhun/OneDrive/Belgeler/GitHub/Dynamic-Table/Assets/Scripts/v080/PathFinder.cs:57)
AStar:Update () (at C:/Users/orhun/OneDrive/Belgeler/GitHub/Dynamic-Table/Assets/Scripts/v080/PathFinder.cs:34)

No path found.
UnityEngine.StackTraceUtility:ExtractStackTrace () (at /home/bokken/build/output/unity/unity/Runtime/Export/Scripting/StackTrace.cs:37)
UnityEngine.DebugLogHandler:LogFormat (UnityEngine.LogType,UnityEngine.Object,string,object[])
UnityEngine.Logger:Log (UnityEngine.LogType,object)
UnityEngine.Debug:Log (object)
AStar:PathFinder (UnityEngine.Transform,UnityEngine.Transform) (at C:/Users/orhun/OneDrive/Belgeler/GitHub/Dynamic-Table/Assets/Scripts/v080/PathFinder.cs:57)
AStar:Update () (at C:/Users/orhun/OneDrive/Belgeler/GitHub/Dynamic-Table/Assets/Scripts/v080/PathFinder.cs:34)

No path found.
UnityEngine.StackTraceUtility:ExtractStackTrace () (at /home/bokken/build/output/unity/unity/Runtime/Export/Scripting/StackTrace.cs:37)
UnityEngine.DebugLogHandler:LogFormat (UnityEngine.LogType,UnityEngine.Object,string,object[])
UnityEngine.Logger:Log (UnityEngine.LogType,object)
UnityEngine.Debug:Log (object)
AStar:PathFinder (UnityEngine.Transform,UnityEngine.Transform) (at C:/Users/orhun/OneDrive/Belgeler/GitHub/Dynamic-Table/Assets/Scripts/v080/PathFinder.cs:57)
AStar:Update () (at C:/Users/orhun/OneDrive/Belgeler/GitHub/Dynamic-Table/Assets/Scripts/v080/PathFinder.cs:34)

No path found.
UnityEngine.StackTraceUtility:ExtractStackTrace () (at /home/bokken/build/output/unity/unity/Runtime/Export/Scripting/StackTrace.cs:37)
UnityEngine.DebugLogHandler:LogFormat (UnityEngine.LogType,UnityEngine.Object,string,object[])
UnityEngine.Logger:Log (UnityEngine.LogType,object)
UnityEngine.Debug:Log (object)
AStar:PathFinder (UnityEngine.Transform,UnityEngine.Transform) (at C:/Users/orhun/OneDrive/Belgeler/GitHub/Dynamic-Table/Assets/Scripts/v080/PathFinder.cs:57)
AStar:Update () (at C:/Users/orhun/OneDrive/Belgeler/GitHub/Dynamic-Table/Assets/Scripts/v080/PathFinder.cs:34)

No path found.
UnityEngine.StackTraceUtility:ExtractStackTrace () (at /home/bokken/build/output/unity/unity/Runtime/Export/Scripting/StackTrace.cs:37)
UnityEngine.DebugLogHandler:LogFormat (UnityEngine.LogType,UnityEngine.Object,string,object[])
UnityEngine.Logger:Log (UnityEngine.LogType,object)
UnityEngine.Debug:Log (object)
AStar:PathFinder (UnityEngine.Transform,UnityEngine.Transform) (at C:/Users/orhun/OneDrive/Belgeler/GitHub/Dynamic-Table/Assets/Scripts/v080/PathFinder.cs:57)
AStar:Update () (at C:/Users/orhun/OneDrive/Belgeler/GitHub/Dynamic-Table/Assets/Scripts/v080/PathFinder.cs:34)

No path found.
UnityEngine.StackTraceUtility:ExtractStackTrace () (at /home/bokken/build/output/unity/unity/Runtime/Export/Scripting/StackTrace.cs:37)
UnityEngine.DebugLogHandler:LogFormat (UnityEngine.LogType,UnityEngine.Object,string,object[])
UnityEngine.Logger:Log (UnityEngine.LogType,object)
UnityEngine.Debug:Log (object)
AStar:PathFinder (UnityEngine.Transform,UnityEngine.Transform) (at C:/Users/orhun/OneDrive/Belgeler/GitHub/Dynamic-Table/Assets/Scripts/v080/PathFinder.cs:57)
AStar:Update () (at C:/Users/orhun/OneDrive/Belgeler/GitHub/Dynamic-Table/Assets/Scripts/v080/PathFinder.cs:34)

No path found.
UnityEngine.StackTraceUtility:ExtractStackTrace () (at /home/bokken/build/output/unity/unity/Runtime/Export/Scripting/StackTrace.cs:37)
UnityEngine.DebugLogHandler:LogFormat (UnityEngine.LogType,UnityEngine.Object,string,object[])
UnityEngine.Logger:Log (UnityEngine.LogType,object)
UnityEngine.Debug:Log (object)
AStar:PathFinder (UnityEngine.Transform,UnityEngine.Transform) (at C:/Users/orhun/OneDrive/Belgeler/GitHub/Dynamic-Table/Assets/Scripts/v080/PathFinder.cs:57)
AStar:Update () (at C:/Users/orhun/OneDrive/Belgeler/GitHub/Dynamic-Table/Assets/Scripts/v080/PathFinder.cs:34)

No path found.
UnityEngine.StackTraceUtility:ExtractStackTrace () (at /home/bokken/build/output/unity/unity/Runtime/Export/Scripting/StackTrace.cs:37)
UnityEngine.DebugLogHandler:LogFormat (UnityEngine.LogType,UnityEngine.Object,string,object[])
UnityEngine.Logger:Log (UnityEngine.LogType,object)
UnityEngine.Debug:Log (object)
AStar:PathFinder (UnityEngine.Transform,UnityEngine.Transform) (at C:/Users/orhun/OneDrive/Belgeler/GitHub/Dynamic-Table/Assets/Scripts/v080/PathFinder.cs:57)
AStar:Update () (at C:/Users/orhun/OneDrive/Belgeler/GitHub/Dynamic-Table/Assets/Scripts/v080/PathFinder.cs:34)

No path found.
UnityEngine.StackTraceUtility:ExtractStackTrace () (at /home/bokken/build/output/unity/unity/Runtime/Export/Scripting/StackTrace.cs:37)
UnityEngine.DebugLogHandler:LogFormat (UnityEngine.LogType,UnityEngine.Object,string,object[])
UnityEngine.Logger:Log (UnityEngine.LogType,object)
UnityEngine.Debug:Log (object)
AStar:PathFinder (UnityEngine.Transform,UnityEngine.Transform) (at C:/Users/orhun/OneDrive/Belgeler/GitHub/Dynamic-Table/Assets/Scripts/v080/PathFinder.cs:57)
AStar:Update () (at C:/Users/orhun/OneDrive/Belgeler/GitHub/Dynamic-Table/Assets/Scripts/v080/PathFinder.cs:34)

No path found.
UnityEngine.StackTraceUtility:ExtractStackTrace () (at /home/bokken/build/output/unity/unity/Runtime/Export/Scripting/StackTrace.cs:37)
UnityEngine.DebugLogHandler:LogFormat (UnityEngine.LogType,UnityEngine.Object,string,object[])
UnityEngine.Logger:Log (UnityEngine.LogType,object)
UnityEngine.Debug:Log (object)
AStar:PathFinder (UnityEngine.Transform,UnityEngine.Transform) (at C:/Users/orhun/OneDrive/Belgeler/GitHub/Dynamic-Table/Assets/Scripts/v080/PathFinder.cs:57)
AStar:Update () (at C:/Users/orhun/OneDrive/Belgeler/GitHub/Dynamic-Table/Assets/Scripts/v080/PathFinder.cs:34)

No path found.
UnityEngine.StackTraceUtility:ExtractStackTrace () (at /home/bokken/build/output/unity/unity/Runtime/Export/Scripting/StackTrace.cs:37)
UnityEngine.DebugLogHandler:LogFormat (UnityEngine.LogType,UnityEngine.Object,string,object[])
UnityEngine.Logger:Log (UnityEngine.LogType,object)
UnityEngine.Debug:Log (object)
AStar:PathFinder (UnityEngine.Transform,UnityEngine.Transform) (at C:/Users/orhun/OneDrive/Belgeler/GitHub/Dynamic-Table/Assets/Scripts/v080/PathFinder.cs:57)
AStar:Update () (at C:/Users/orhun/OneDrive/Belgeler/GitHub/Dynamic-Table/Assets/Scripts/v080/PathFinder.cs:34)

No path found.
UnityEngine.StackTraceUtility:ExtractStackTrace () (at /home/bokken/build/output/unity/unity/Runtime/Export/Scripting/StackTrace.cs:37)
UnityEngine.DebugLogHandler:LogFormat (UnityEngine.LogType,UnityEngine.Object,string,object[])
UnityEngine.Logger:Log (UnityEngine.LogType,object)
UnityEngine.Debug:Log (object)
AStar:PathFinder (UnityEngine.Transform,UnityEngine.Transform) (at C:/Users/orhun/OneDrive/Belgeler/GitHub/Dynamic-Table/Assets/Scripts/v080/PathFinder.cs:57)
AStar:Update () (at C:/Users/orhun/OneDrive/Belgeler/GitHub/Dynamic-Table/Assets/Scripts/v080/PathFinder.cs:34)

No path found.
UnityEngine.StackTraceUtility:ExtractStackTrace () (at /home/bokken/build/output/unity/unity/Runtime/Export/Scripting/StackTrace.cs:37)
UnityEngine.DebugLogHandler:LogFormat (UnityEngine.LogType,UnityEngine.Object,string,object[])
UnityEngine.Logger:Log (UnityEngine.LogType,object)
UnityEngine.Debug:Log (object)
AStar:PathFinder (UnityEngine.Transform,UnityEngine.Transform) (at C:/Users/orhun/OneDrive/Belgeler/GitHub/Dynamic-Table/Assets/Scripts/v080/PathFinder.cs:57)
AStar:Update () (at C:/Users/orhun/OneDrive/Belgeler/GitHub/Dynamic-Table/Assets/Scripts/v080/PathFinder.cs:34)

No path found.
UnityEngine.StackTraceUtility:ExtractStackTrace () (at /home/bokken/build/output/unity/unity/Runtime/Export/Scripting/StackTrace.cs:37)
UnityEngine.DebugLogHandler:LogFormat (UnityEngine.LogType,UnityEngine.Object,string,object[])
UnityEngine.Logger:Log (UnityEngine.LogType,object)
UnityEngine.Debug:Log (object)
AStar:PathFinder (UnityEngine.Transform,UnityEngine.Transform) (at C:/Users/orhun/OneDrive/Belgeler/GitHub/Dynamic-Table/Assets/Scripts/v080/PathFinder.cs:57)
AStar:Update () (at C:/Users/orhun/OneDrive/Belgeler/GitHub/Dynamic-Table/Assets/Scripts/v080/PathFinder.cs:34)

No path found.
UnityEngine.StackTraceUtility:ExtractStackTrace () (at /home/bokken/build/output/unity/unity/Runtime/Export/Scripting/StackTrace.cs:37)
UnityEngine.DebugLogHandler:LogFormat (UnityEngine.LogType,UnityEngine.Object,string,object[])
UnityEngine.Logger:Log (UnityEngine.LogType,object)
UnityEngine.Debug:Log (object)
AStar:PathFinder (UnityEngine.Transform,UnityEngine.Transform) (at C:/Users/orhun/OneDrive/Belgeler/GitHub/Dynamic-Table/Assets/Scripts/v080/PathFinder.cs:57)
AStar:Update () (at C:/Users/orhun/OneDrive/Belgeler/GitHub/Dynamic-Table/Assets/Scripts/v080/PathFinder.cs:34)

No path found.
UnityEngine.StackTraceUtility:ExtractStackTrace () (at /home/bokken/build/output/unity/unity/Runtime/Export/Scripting/StackTrace.cs:37)
UnityEngine.DebugLogHandler:LogFormat (UnityEngine.LogType,UnityEngine.Object,string,object[])
UnityEngine.Logger:Log (UnityEngine.LogType,object)
UnityEngine.Debug:Log (object)
AStar:PathFinder (UnityEngine.Transform,UnityEngine.Transform) (at C:/Users/orhun/OneDrive/Belgeler/GitHub/Dynamic-Table/Assets/Scripts/v080/PathFinder.cs:57)
AStar:Update () (at C:/Users/orhun/OneDrive/Belgeler/GitHub/Dynamic-Table/Assets/Scripts/v080/PathFinder.cs:34)

No path found.
UnityEngine.StackTraceUtility:ExtractStackTrace () (at /home/bokken/build/output/unity/unity/Runtime/Export/Scripting/StackTrace.cs:37)
UnityEngine.DebugLogHandler:LogFormat (UnityEngine.LogType,UnityEngine.Object,string,object[])
UnityEngine.Logger:Log (UnityEngine.LogType,object)
UnityEngine.Debug:Log (object)
AStar:PathFinder (UnityEngine.Transform,UnityEngine.Transform) (at C:/Users/orhun/OneDrive/Belgeler/GitHub/Dynamic-Table/Assets/Scripts/v080/PathFinder.cs:57)
AStar:Update () (at C:/Users/orhun/OneDrive/Belgeler/GitHub/Dynamic-Table/Assets/Scripts/v080/PathFinder.cs:34)

No path found.
UnityEngine.StackTraceUtility:ExtractStackTrace () (at /home/bokken/build/output/unity/unity/Runtime/Export/Scripting/StackTrace.cs:37)
UnityEngine.DebugLogHandler:LogFormat (UnityEngine.LogType,UnityEngine.Object,string,object[])
UnityEngine.Logger:Log (UnityEngine.LogType,object)
UnityEngine.Debug:Log (object)
AStar:PathFinder (UnityEngine.Transform,UnityEngine.Transform) (at C:/Users/orhun/OneDrive/Belgeler/GitHub/Dynamic-Table/Assets/Scripts/v080/PathFinder.cs:57)
AStar:Update () (at C:/Users/orhun/OneDrive/Belgeler/GitHub/Dynamic-Table/Assets/Scripts/v080/PathFinder.cs:34)

No path found.
UnityEngine.StackTraceUtility:ExtractStackTrace () (at /home/bokken/build/output/unity/unity/Runtime/Export/Scripting/StackTrace.cs:37)
UnityEngine.DebugLogHandler:LogFormat (UnityEngine.LogType,UnityEngine.Object,string,object[])
UnityEngine.Logger:Log (UnityEngine.LogType,object)
UnityEngine.Debug:Log (object)
AStar:PathFinder (UnityEngine.Transform,UnityEngine.Transform) (at C:/Users/orhun/OneDrive/Belgeler/GitHub/Dynamic-Table/Assets/Scripts/v080/PathFinder.cs:57)
AStar:Update () (at C:/Users/orhun/OneDrive/Belgeler/GitHub/Dynamic-Table/Assets/Scripts/v080/PathFinder.cs:34)

No path found.
UnityEngine.StackTraceUtility:ExtractStackTrace () (at /home/bokken/build/output/unity/unity/Runtime/Export/Scripting/StackTrace.cs:37)
UnityEngine.DebugLogHandler:LogFormat (UnityEngine.LogType,UnityEngine.Object,string,object[])
UnityEngine.Logger:Log (UnityEngine.LogType,object)
UnityEngine.Debug:Log (object)
AStar:PathFinder (UnityEngine.Transform,UnityEngine.Transform) (at C:/Users/orhun/OneDrive/Belgeler/GitHub/Dynamic-Table/Assets/Scripts/v080/PathFinder.cs:57)
AStar:Update () (at C:/Users/orhun/OneDrive/Belgeler/GitHub/Dynamic-Table/Assets/Scripts/v080/PathFinder.cs:34)

No path found.
UnityEngine.StackTraceUtility:ExtractStackTrace () (at /home/bokken/build/output/unity/unity/Runtime/Export/Scripting/StackTrace.cs:37)
UnityEngine.DebugLogHandler:LogFormat (UnityEngine.LogType,UnityEngine.Object,string,object[])
UnityEngine.Logger:Log (UnityEngine.LogType,object)
UnityEngine.Debug:Log (object)
AStar:PathFinder (UnityEngine.Transform,UnityEngine.Transform) (at C:/Users/orhun/OneDrive/Belgeler/GitHub/Dynamic-Table/Assets/Scripts/v080/PathFinder.cs:57)
AStar:Update () (at C:/Users/orhun/OneDrive/Belgeler/GitHub/Dynamic-Table/Assets/Scripts/v080/PathFinder.cs:34)

No path found.
UnityEngine.StackTraceUtility:ExtractStackTrace () (at /home/bokken/build/output/unity/unity/Runtime/Export/Scripting/StackTrace.cs:37)
UnityEngine.DebugLogHandler:LogFormat (UnityEngine.LogType,UnityEngine.Object,string,object[])
UnityEngine.Logger:Log (UnityEngine.LogType,object)
UnityEngine.Debug:Log (object)
AStar:PathFinder (UnityEngine.Transform,UnityEngine.Transform) (at C:/Users/orhun/OneDrive/Belgeler/GitHub/Dynamic-Table/Assets/Scripts/v080/PathFinder.cs:57)
AStar:Update () (at C:/Users/orhun/OneDrive/Belgeler/GitHub/Dynamic-Table/Assets/Scripts/v080/PathFinder.cs:34)

No path found.
UnityEngine.StackTraceUtility:ExtractStackTrace () (at /home/bokken/build/output/unity/unity/Runtime/Export/Scripting/StackTrace.cs:37)
UnityEngine.DebugLogHandler:LogFormat (UnityEngine.LogType,UnityEngine.Object,string,object[])
UnityEngine.Logger:Log (UnityEngine.LogType,object)
UnityEngine.Debug:Log (object)
AStar:PathFinder (UnityEngine.Transform,UnityEngine.Transform) (at C:/Users/orhun/OneDrive/Belgeler/GitHub/Dynamic-Table/Assets/Scripts/v080/PathFinder.cs:57)
AStar:Update () (at C:/Users/orhun/OneDrive/Belgeler/GitHub/Dynamic-Table/Assets/Scripts/v080/PathFinder.cs:34)

No path found.
UnityEngine.StackTraceUtility:ExtractStackTrace () (at /home/bokken/build/output/unity/unity/Runtime/Export/Scripting/StackTrace.cs:37)
UnityEngine.DebugLogHandler:LogFormat (UnityEngine.LogType,UnityEngine.Object,string,object[])
UnityEngine.Logger:Log (UnityEngine.LogType,object)
UnityEngine.Debug:Log (object)
AStar:PathFinder (UnityEngine.Transform,UnityEngine.Transform) (at C:/Users/orhun/OneDrive/Belgeler/GitHub/Dynamic-Table/Assets/Scripts/v080/PathFinder.cs:57)
AStar:Update () (at C:/Users/orhun/OneDrive/Belgeler/GitHub/Dynamic-Table/Assets/Scripts/v080/PathFinder.cs:34)

No path found.
UnityEngine.StackTraceUtility:ExtractStackTrace () (at /home/bokken/build/output/unity/unity/Runtime/Export/Scripting/StackTrace.cs:37)
UnityEngine.DebugLogHandler:LogFormat (UnityEngine.LogType,UnityEngine.Object,string,object[])
UnityEngine.Logger:Log (UnityEngine.LogType,object)
UnityEngine.Debug:Log (object)
AStar:PathFinder (UnityEngine.Transform,UnityEngine.Transform) (at C:/Users/orhun/OneDrive/Belgeler/GitHub/Dynamic-Table/Assets/Scripts/v080/PathFinder.cs:57)
AStar:Update () (at C:/Users/orhun/OneDrive/Belgeler/GitHub/Dynamic-Table/Assets/Scripts/v080/PathFinder.cs:34)

Setting up 4 worker threads for Enlighten.
PlayerConnection::CleanupMemory Statistics:
[ALLOC_TEMP_TLS] TLS Allocator
  StackAllocators : 
    [ALLOC_TEMP_MAIN]
      Peak usage frame count: [4.0 KB-8.0 KB]: 25 frames, [16.0 KB-32.0 KB]: 444 frames, [32.0 KB-64.0 KB]: 3664 frames, [64.0 KB-128.0 KB]: 67630 frames, [2.0 MB-4.0 MB]: 1 frames
      Initial Block Size 4.0 MB
      Current Block Size 4.0 MB
      Peak Allocated Bytes 2.1 MB
      Overflow Count 0
    [ALLOC_TEMP_Background Job.worker 3]
      Initial Block Size 32.0 KB
      Current Block Size 32.0 KB
      Peak Allocated Bytes 0 B
      Overflow Count 0
    [ALLOC_TEMP_Background Job.worker 6]
      Initial Block Size 32.0 KB
      Current Block Size 32.0 KB
      Peak Allocated Bytes 0 B
      Overflow Count 0
    [ALLOC_TEMP_Background Job.worker 2]
      Initial Block Size 32.0 KB
      Current Block Size 32.0 KB
      Peak Allocated Bytes 0 B
      Overflow Count 0
    [ALLOC_TEMP_Background Job.worker 8]
      Initial Block Size 32.0 KB
      Current Block Size 32.0 KB
      Peak Allocated Bytes 0 B
      Overflow Count 0
    [ALLOC_TEMP_AUDIO_FMOD mixer thread]
      Initial Block Size 64.0 KB
      Current Block Size 64.0 KB
      Peak Allocated Bytes 0 B
      Overflow Count 0
    [ALLOC_TEMP_Background Job.worker 15]
      Initial Block Size 32.0 KB
      Current Block Size 32.0 KB
      Peak Allocated Bytes 0 B
      Overflow Count 0
    [ALLOC_TEMP_Background Job.worker 0]
      Initial Block Size 32.0 KB
      Current Block Size 32.0 KB
      Peak Allocated Bytes 0 B
      Overflow Count 0
    [ALLOC_TEMP_Job.worker 6]
      Initial Block Size 256.0 KB
      Current Block Size 256.0 KB
      Peak Allocated Bytes 0 B
      Overflow Count 0
    [ALLOC_TEMP_BatchDeleteObjects]
      Initial Block Size 64.0 KB
      Current Block Size 64.0 KB
      Peak Allocated Bytes 0 B
      Overflow Count 0
    [ALLOC_TEMP_AUDIO_FMOD stream thread]
      Initial Block Size 64.0 KB
      Current Block Size 64.0 KB
      Peak Allocated Bytes 0 B
      Overflow Count 0
    [ALLOC_TEMP_Job.worker 4]
      Initial Block Size 256.0 KB
      Current Block Size 256.0 KB
      Peak Allocated Bytes 0 B
      Overflow Count 0
    [ALLOC_TEMP_Background Job.worker 1]
      Initial Block Size 32.0 KB
      Current Block Size 32.0 KB
      Peak Allocated Bytes 0 B
      Overflow Count 0
    [ALLOC_TEMP_Job.worker 1]
      Initial Block Size 256.0 KB
      Current Block Size 256.0 KB
      Peak Allocated Bytes 199 B
      Overflow Count 0
    [ALLOC_TEMP_Background Job.worker 5]
      Initial Block Size 32.0 KB
      Current Block Size 32.0 KB
      Peak Allocated Bytes 0 B
      Overflow Count 0
    [ALLOC_TEMP_Loading.PreloadManager]
      Initial Block Size 256.0 KB
      Current Block Size 0.5 MB
      Peak Allocated Bytes 407.8 KB
      Overflow Count 5479
    [ALLOC_TEMP_Background Job.worker 4]
      Initial Block Size 32.0 KB
      Current Block Size 32.0 KB
      Peak Allocated Bytes 0 B
      Overflow Count 0
    [ALLOC_TEMP_Background Job.worker 7]
      Initial Block Size 32.0 KB
      Current Block Size 32.0 KB
      Peak Allocated Bytes 0 B
      Overflow Count 0
    [ALLOC_TEMP_Background Job.worker 11]
      Initial Block Size 32.0 KB
      Current Block Size 32.0 KB
      Peak Allocated Bytes 0 B
      Overflow Count 0
    [ALLOC_TEMP_Background Job.worker 10]
      Initial Block Size 32.0 KB
      Current Block Size 32.0 KB
      Peak Allocated Bytes 0 B
      Overflow Count 0
    [ALLOC_TEMP_Job.worker 5]
      Initial Block Size 256.0 KB
      Current Block Size 256.0 KB
      Peak Allocated Bytes 0 B
      Overflow Count 0
    [ALLOC_TEMP_Background Job.worker 12]
      Initial Block Size 32.0 KB
      Current Block Size 32.0 KB
      Peak Allocated Bytes 0 B
      Overflow Count 0
    [ALLOC_TEMP_Background Job.worker 13]
      Initial Block Size 32.0 KB
      Current Block Size 32.0 KB
      Peak Allocated Bytes 0 B
      Overflow Count 0
    [ALLOC_TEMP_AssetGarbageCollectorHelper] x 7
      Initial Block Size 64.0 KB
      Current Block Size 64.0 KB
      Peak Allocated Bytes 0 B
      Overflow Count 0
    [ALLOC_TEMP_Profiler.Dispatcher]
      Initial Block Size 64.0 KB
      Current Block Size 64.0 KB
      Peak Allocated Bytes 0 B
      Overflow Count 0
    [ALLOC_TEMP_Background Job.worker 14]
      Initial Block Size 32.0 KB
      Current Block Size 32.0 KB
      Peak Allocated Bytes 0 B
      Overflow Count 0
    [ALLOC_TEMP_Job.worker 0]
      Initial Block Size 256.0 KB
      Current Block Size 256.0 KB
      Peak Allocated Bytes 0 B
      Overflow Count 0
    [ALLOC_TEMP_Background Job.worker 9]
      Initial Block Size 32.0 KB
      Current Block Size 32.0 KB
      Peak Allocated Bytes 0 B
      Overflow Count 0
    [ALLOC_TEMP_EnlightenWorker] x 4
      Initial Block Size 64.0 KB
      Current Block Size 64.0 KB
      Peak Allocated Bytes 0 B
      Overflow Count 0
    [ALLOC_TEMP_Job.worker 3]
      Initial Block Size 256.0 KB
      Current Block Size 256.0 KB
      Peak Allocated Bytes 0 B
      Overflow Count 0
    [ALLOC_TEMP_Job.worker 2]
      Initial Block Size 256.0 KB
      Current Block Size 256.0 KB
      Peak Allocated Bytes 0 B
      Overflow Count 0
    [ALLOC_TEMP_Loading.AsyncRead]
      Initial Block Size 64.0 KB
      Current Block Size 64.0 KB
      Peak Allocated Bytes 128 B
      Overflow Count 0
[ALLOC_MEMORYPROFILER]
  Peak usage frame count: [1.0 MB-2.0 MB]: 71764 frames
  Requested Block Size 1.0 MB
  Peak Block count 2
  Peak Allocated memory 1.3 MB
  Peak Large allocation bytes 0 B
[ALLOC_DEFAULT] Dual Thread Allocator
  Peak main deferred allocation count 66
    [ALLOC_BUCKET]
      Large Block size 4.0 MB
      Used Block count 1
      Peak Allocated bytes 1.9 MB
    [ALLOC_DEFAULT_MAIN]
      Peak usage frame count: [16.0 MB-32.0 MB]: 14944 frames, [32.0 MB-64.0 MB]: 46348 frames, [64.0 MB-128.0 MB]: 10472 frames
      Requested Block Size 16.0 MB
      Peak Block count 5
      Peak Allocated memory 130.4 MB
      Peak Large allocation bytes 104.0 MB
    [ALLOC_DEFAULT_THREAD]
      Peak usage frame count: [4.0 MB-8.0 MB]: 71764 frames
      Requested Block Size 16.0 MB
      Peak Block count 1
      Peak Allocated memory 5.2 MB
      Peak Large allocation bytes 0 B
[ALLOC_TEMP_JOB_1_FRAME]
  Initial Block Size 2.0 MB
  Used Block Count 0
  Overflow Count (too large) 0
  Overflow Count (full) 0
[ALLOC_TEMP_JOB_2_FRAMES]
  Initial Block Size 2.0 MB
  Used Block Count 0
  Overflow Count (too large) 0
  Overflow Count (full) 0
[ALLOC_TEMP_JOB_4_FRAMES (JobTemp)]
  Initial Block Size 2.0 MB
  Used Block Count 1
  Overflow Count (too large) 0
  Overflow Count (full) 0
[ALLOC_TEMP_JOB_ASYNC (Background)]
  Initial Block Size 1.0 MB
  Used Block Count 1
  Overflow Count (too large) 0
  Overflow Count (full) 0
[ALLOC_GFX] Dual Thread Allocator
  Peak main deferred allocation count 0
    [ALLOC_BUCKET]
      Large Block size 4.0 MB
      Used Block count 1
      Peak Allocated bytes 1.9 MB
    [ALLOC_GFX_MAIN]
      Peak usage frame count: [32.0 KB-64.0 KB]: 71763 frames, [64.0 KB-128.0 KB]: 1 frames
      Requested Block Size 16.0 MB
      Peak Block count 1
      Peak Allocated memory 66.8 KB
      Peak Large allocation bytes 0 B
    [ALLOC_GFX_THREAD]
      Peak usage frame count: [16.0 KB-32.0 KB]: 71764 frames
      Requested Block Size 16.0 MB
      Peak Block count 1
      Peak Allocated memory 30.0 KB
      Peak Large allocation bytes 0 B
[ALLOC_CACHEOBJECTS] Dual Thread Allocator
  Peak main deferred allocation count 0
    [ALLOC_BUCKET]
      Large Block size 4.0 MB
      Used Block count 1
      Peak Allocated bytes 1.9 MB
    [ALLOC_CACHEOBJECTS_MAIN]
      Peak usage frame count: [1.0 MB-2.0 MB]: 71764 frames
      Requested Block Size 4.0 MB
      Peak Block count 1
      Peak Allocated memory 1.8 MB
      Peak Large allocation bytes 0 B
    [ALLOC_CACHEOBJECTS_THREAD]
      Peak usage frame count: [4.0 MB-8.0 MB]: 71763 frames, [16.0 MB-32.0 MB]: 1 frames
      Requested Block Size 4.0 MB
      Peak Block count 6
      Peak Allocated memory 21.2 MB
      Peak Large allocation bytes 0 B
[ALLOC_TYPETREE] Dual Thread Allocator
  Peak main deferred allocation count 0
    [ALLOC_BUCKET]
      Large Block size 4.0 MB
      Used Block count 1
      Peak Allocated bytes 1.9 MB
    [ALLOC_TYPETREE_MAIN]
      Peak usage frame count: [0-1.0 KB]: 71764 frames
      Requested Block Size 2.0 MB
      Peak Block count 1
      Peak Allocated memory 104 B
      Peak Large allocation bytes 0 B
    [ALLOC_TYPETREE_THREAD]
      Peak usage frame count: [0-1.0 KB]: 71764 frames
      Requested Block Size 2.0 MB
      Peak Block count 0
      Peak Allocated memory 0 B
      Peak Large allocation bytes 0 B
[ALLOC_PROFILER]
  Peak usage frame count: [32.0 KB-64.0 KB]: 71764 frames
  Requested Block Size 16.0 MB
  Peak Block count 1
  Peak Allocated memory 36.0 KB
  Peak Large allocation bytes 0 B
    [ALLOC_PROFILER_BUCKET]
      Large Block size 4.0 MB
      Used Block count 1
      Peak Allocated bytes 0.6 KB
##utp:{"type":"MemoryLeaks","version":2,"phase":"Immediate","time":1714154677368,"processId":2705,"allocatedMemory":2296669,"memoryLabels":[{"Default":18969},{"Permanent":1248},{"NewDelete":20969},{"Thread":34564},{"Manager":14635},{"VertexData":12},{"Geometry":280},{"Texture":16},{"Shader":69282},{"Material":24},{"GfxDevice":33536},{"Animation":344},{"Audio":3976},{"FontEngine":336},{"Physics":512},{"Serialization":276},{"Input":8960},{"JobScheduler":240},{"Mono":40},{"ScriptingNativeRuntime":248},{"BaseObject":1617444},{"Resource":528},{"Renderer":2352},{"Transform":48},{"File":800},{"WebCam":40},{"Culling":40},{"Terrain":953},{"Wind":24},{"String":5394},{"DynamicArray":33008},{"HashMap":8448},{"Utility":283748},{"PoolAlloc":1128},{"TypeTree":4176},{"ScriptManager":80},{"RuntimeInitializeOnLoadManager":80},{"SpriteAtlas":128},{"GI":3584},{"Director":7872},{"WebRequest":720},{"VR":45529},{"SceneManager":424},{"Video":32},{"LazyScriptCache":40},{"NativeArray":12},{"Camera":25},{"Secure":1},{"SerializationCache":1576},{"APIUpdating":11856},{"Subsystems":392},{"VirtualTexturing":57552},{"CoreBusinessMetrics":128},{"AssetReference":40}]}
